<?xml version="1.0" encoding="UTF-8"?>
<!-- Generated by org.testng.reporters.JUnitReportReporter -->
<testsuite hostname="PC-GER-SPAIRAL" failures="0" tests="1" name="RunDressTest" time="12.438" errors="0" timestamp="2025-01-05T14:30:30 CET" skipped="0">
  <testcase classname="RunDressTest" name="runScenario" time="12.438"/>
</testsuite> <!-- RunDressTest -->
